"../../../../../Unreal Projects/ThatEcalatedQuickly/Content/BP/BP_BasePlayerController.uasset" 0
"../../../../../Unreal Projects/ThatEcalatedQuickly/Content/BP/BP_BasePlayerPawn.uasset" 1
"../../../../../Unreal Projects/ThatEcalatedQuickly/Content/UI/UI_TestEndScreenWidget.uasset" 2
"../../../../../Unreal Projects/ThatEcalatedQuickly/Content/BP/GM_Base.uasset" 3
"../../../../../Unreal Projects/ThatEcalatedQuickly/Content/Images/AICON-Green.uasset" 4
"../../../../../Unreal Projects/ThatEcalatedQuickly/Content/UI/UI_TestIcon.uasset" 5
"../../../../../Unreal Projects/ThatEcalatedQuickly/Content/UI/UI_TestText.uasset" 6
"../../../Engine/Content/EngineMeshes/SkeletalCube_Physics.uasset" 7
"../../../Engine/Content/EngineMeshes/SkeletalCube_Skeleton.uasset" 8
"../../../Engine/Content/EngineMeshes/SkeletalCube.uasset" 9
"../../../../../Unreal Projects/ThatEcalatedQuickly/Content/UI/UI_InsultBar.uasset" 10
"../../../../../Unreal Projects/ThatEcalatedQuickly/Content/BP/BP_BaseActorPawn.uasset" 11
"../../../../../Unreal Projects/ThatEcalatedQuickly/Content/Sequences/BarCutscene.uasset" 12
"../../../../../Unreal Projects/ThatEcalatedQuickly/Content/Sequences/BarScript.uasset" 13
"../../../../../Unreal Projects/ThatEcalatedQuickly/Content/Sequences/Struct_ShowImageEvent.uasset" 14
"../../../../../Unreal Projects/ThatEcalatedQuickly/Content/Sequences/Struct_ShowTextEvent.uasset" 15
"../../../../../Unreal Projects/ThatEcalatedQuickly/Content/Sequences/Struct_SpawnEvent.uasset" 16
"../../../Engine/Content/Functions/Engine_MaterialFunctions01/Opacity/CameraDepthFade.uasset" 17
"../../../Engine/Content/EngineMaterials/T_Default_Material_Grid_M.uasset" 18
"../../../Engine/Content/EngineMaterials/T_Default_Material_Grid_N.uasset" 19
"../../../Engine/Content/EngineMaterials/WorldGridMaterial.uasset" 20
"../../../Engine/Content/ArtTools/RenderToTexture/Meshes/S_1_Unit_Plane.uasset" 21
"../../../Engine/Content/EngineMaterials/DefaultMaterial.uasset" 22
"../../../Engine/Content/BasicShapes/Cone.uasset" 23
"../../../Engine/Content/BasicShapes/Cube.uasset" 24
"../../../Engine/Content/BasicShapes/Cylinder.uasset" 25
"../../../Engine/Content/BasicShapes/Plane.uasset" 26
"../../../Engine/Content/BasicShapes/Sphere.uasset" 27
"../../../Engine/Content/EditorLandscapeResources/DataLayer.uasset" 28
"../../../Engine/Content/EditorMaterials/GizmoMaterial.uasset" 29
"../../../Engine/Content/EditorMaterials/MAT_Groups_Toggle.uasset" 30
"../../../Engine/Content/EditorMaterials/MAT_Groups_Visibility.uasset" 31
"../../../Engine/Content/EditorMaterials/PreviewShadowIndicator.uasset" 32
"../../../Engine/Content/EditorMaterials/PreviewShadowIndicatorMaterial.uasset" 33
"../../../Engine/Content/EditorMaterials/MatineeGroups/MAT_ColorTrack.uasset" 34
"../../../Engine/Content/EditorMaterials/MatineeGroups/MAT_Groups_Anim.uasset" 35
"../../../Engine/Content/EditorMaterials/MatineeGroups/MAT_Groups_AudioMaster.uasset" 36
"../../../Engine/Content/EditorMaterials/MatineeGroups/MAT_Groups_Director.uasset" 37
"../../../Engine/Content/EditorMaterials/MatineeGroups/MAT_Groups_Event.uasset" 38
"../../../Engine/Content/EditorMaterials/MatineeGroups/MAT_Groups_Fade.uasset" 39
"../../../Engine/Content/EditorMaterials/MatineeGroups/MAT_Groups_Float.uasset" 40
"../../../Engine/Content/EditorMaterials/MatineeGroups/MAT_Groups_Move.uasset" 41
"../../../Engine/Content/EditorMaterials/MatineeGroups/MAT_Groups_Slomo.uasset" 42
"../../../Engine/Content/EditorMaterials/MatineeGroups/MAT_Groups_Sound.uasset" 43
"../../../Engine/Content/EditorMaterials/MatineeGroups/MAT_Groups_Vector.uasset" 44
"../../../Engine/Content/EditorMaterials/ParticleSystems/PSysThumbnail_NoImage.uasset" 45
"../../../Engine/Content/EditorMaterials/ParticleSystems/PSysThumbnail_OOD.uasset" 46
"../../../Engine/Content/EditorMaterials/Camera/CineMat.uasset" 47
"../../../Engine/Content/EditorMaterials/Camera/MI_CineMat_Rig.uasset" 48
"../../../Engine/Content/EditorMeshes/Camera/SM_CraneRig_Arm.uasset" 49
"../../../Engine/Content/EditorMeshes/Camera/SM_CraneRig_Base.uasset" 50
"../../../Engine/Content/EditorMeshes/Camera/SM_CraneRig_Body.uasset" 51
"../../../Engine/Content/EditorMeshes/Camera/SM_CraneRig_Mount.uasset" 52
"../../../Engine/Content/EditorMeshes/Camera/SM_RailRig_Mount.uasset" 53
"../../../Engine/Content/EditorMeshes/Camera/SM_RailRig_Track.uasset" 54
"../../../Engine/Content/EditorResources/BSPVertex.uasset" 55
"../../../Engine/Content/EditorResources/EmptyActor.uasset" 56
"../../../Engine/Content/EditorResources/S_Actor.uasset" 57
"../../../Engine/Content/EditorResources/S_Trigger.uasset" 58
"../../../Engine/Content/EditorResources/LightIcons/S_LightError.uasset" 59
"../../../Engine/Content/EditorResources/SequenceRecorder/Countdown.uasset" 60
"../../../Engine/Content/EditorResources/SequenceRecorder/RecordingIndicator.uasset" 61
"../../../Engine/Content/EditorSounds/Notifications/CompileFailed.uasset" 62
"../../../Engine/Content/EditorSounds/Notifications/CompileFailed_Cue.uasset" 63
"../../../Engine/Content/EditorSounds/Notifications/CompileSuccess.uasset" 64
"../../../Engine/Content/EditorSounds/Notifications/CompileStart_Cue.uasset" 65
"../../../Engine/Content/EditorSounds/Notifications/CompileSuccess_Cue.uasset" 66
"../../../Engine/Content/EngineDamageTypes/DmgTypeBP_Environmental.uasset" 67
"../../../Engine/Content/EngineDebugMaterials/HeatmapGradient.uasset" 68
"../../../Engine/Content/EngineDebugMaterials/BoneWeightMaterial.uasset" 69
"../../../Engine/Content/EngineDebugMaterials/ClothMaterial.uasset" 70
"../../../Engine/Content/EngineDebugMaterials/ClothMaterial_WF.uasset" 71
"../../../Engine/Content/EngineDebugMaterials/DebugEditorMaterial.uasset" 72
"../../../Engine/Content/EngineDebugMaterials/DebugMeshMaterial.uasset" 73
"../../../Engine/Content/EngineDebugMaterials/GeomMaterial.uasset" 74
"../../../Engine/Content/EngineDebugMaterials/M_SimpleTranslucent.uasset" 75
"../../../Engine/Content/EngineFonts/Faces/RobotoBold.uasset" 76
"../../../Engine/Content/EngineFonts/Faces/RobotoBoldItalic.uasset" 77
"../../../Engine/Content/EngineFonts/Faces/RobotoItalic.uasset" 78
"../../../Engine/Content/EngineFonts/Faces/RobotoLight.uasset" 79
"../../../Engine/Content/EngineFonts/Faces/RobotoRegular.uasset" 80
"../../../Engine/Content/EngineFonts/Roboto.uasset" 81
"../../../Engine/Content/EngineFonts/Faces/RobotoTiny.uasset" 82
"../../../Engine/Content/EngineFonts/RobotoTiny.uasset" 83
"../../../Engine/Content/EngineMaterials/BaseFlattenDiffuseMap.uasset" 84
"../../../Engine/Content/EngineMaterials/BaseFlattenEmissiveMap.uasset" 85
"../../../Engine/Content/EngineMaterials/BaseFlattenGrayscaleMap.uasset" 86
"../../../Engine/Content/EngineMaterials/BaseFlattenNormalMap.uasset" 87
"../../../Engine/Content/EngineMaterials/BaseFlattenMaterial.uasset" 88
"../../../Engine/Content/EngineMaterials/DefaultBloomKernel.uasset" 89
"../../../Engine/Content/EngineMaterials/DefaultBokeh.uasset" 90
"../../../Engine/Content/EngineMaterials/DefaultDiffuse.uasset" 91
"../../../Engine/Content/EngineMaterials/DefaultDeferredDecalMaterial.uasset" 92
"../../../Engine/Content/EngineMaterials/DefaultLightFunctionMaterial.uasset" 93
"../../../Engine/Content/EngineMaterials/DefaultPhysicalMaterial.uasset" 94
"../../../Engine/Content/Functions/Engine_MaterialFunctions02/Utility/BreakOutFloat2Components.uasset" 95
"../../../Engine/Content/EngineMaterials/DefaultPostProcessMaterial.uasset" 96
"../../../Engine/Content/EngineFonts/RobotoDistanceField.uasset" 97
"../../../Engine/Content/EngineMaterials/DefaultTextMaterialOpaque.uasset" 98
"../../../Engine/Content/EngineMaterials/DefaultWhiteGrid.uasset" 99
"../../../Engine/Content/EngineMaterials/EditorBrushMaterial.uasset" 100
"../../../Engine/Content/EngineMaterials/Good64x64TilingNoiseHighFreq.uasset" 101
"../../../Engine/Content/EngineMaterials/MiniFont.uasset" 102
"../../../Engine/Content/EngineMaterials/InvalidLightmapSettings.uasset" 103
"../../../Engine/Content/EngineMaterials/M_InvalidLightmapSettings.uasset" 104
"../../../Engine/Content/Functions/Engine_MaterialFunctions02/WorldPositionOffset/CameraOffset.uasset" 105
"../../../Engine/Content/EngineMaterials/PhAT_JointLimitMaterial.uasset" 106
"../../../Engine/Content/EngineMaterials/PreintegratedSkinBRDF.uasset" 107
"../../../Engine/Content/EngineMaterials/RemoveSurfaceMaterial.uasset" 108
"../../../Engine/Content/EngineMaterials/WeightMapPlaceholderTexture.uasset" 109
"../../../Engine/Content/EngineResources/WhiteSquareTexture.uasset" 110
"../../../Engine/Content/EngineMaterials/Widget3DPassThrough.uasset" 111
"../../../Engine/Content/EngineMaterials/Widget3DPassThrough_Masked.uasset" 112
"../../../Engine/Content/EngineMaterials/Widget3DPassThrough_Opaque.uasset" 113
"../../../Engine/Content/EngineMaterials/Widget3DPassThrough_Masked_OneSided.uasset" 114
"../../../Engine/Content/EngineMaterials/Widget3DPassThrough_Opaque_OneSided.uasset" 115
"../../../Engine/Content/EngineMaterials/Widget3DPassThrough_Translucent.uasset" 116
"../../../Engine/Content/EngineMaterials/Widget3DPassThrough_Translucent_OneSided.uasset" 117
"../../../Engine/Content/EngineMeshes/Cylinder.uasset" 118
"../../../Engine/Content/EngineMeshes/Sphere.uasset" 119
"../../../Engine/Content/EngineResources/Black.uasset" 120
"../../../Engine/Content/EngineResources/DefaultTexture.uasset" 121
"../../../Engine/Content/EngineResources/DefaultTextureCube.uasset" 122
"../../../Engine/Content/EngineResources/DefaultVolumeTexture2D.uasset" 123
"../../../Engine/Content/EngineResources/DefaultVolumeTexture.uasset" 124
"../../../Engine/Content/EngineResources/GradientTexture0.uasset" 125
"../../../Engine/Content/EngineSounds/Master.uasset" 126
"../../../Engine/Content/Functions/Engine_MaterialFunctions01/Shading/ConvertFromDiffSpec.uasset" 127
"../../../Engine/Content/Functions/Engine_MaterialFunctions01/Shading/PowerToRoughness.uasset" 128
"../../../Engine/Content/Maps/Templates/Thumbnails/Default.uasset" 129
"../../../Engine/Content/Maps/Templates/Thumbnails/VR-Basic.uasset" 130
"../../../Engine/Content/MobileResources/T_MobileControls_texture.uasset" 131
"../../../Engine/Content/MobileResources/T_MobileMenu2.uasset" 132
"../../../Engine/Content/MobileResources/HUD/AnalogHat.uasset" 133
"../../../Engine/Content/MobileResources/HUD/VirtualJoystick_Background.uasset" 134
"../../../Engine/Content/MobileResources/HUD/VirtualJoystick_Thumb.uasset" 135
"../../../Engine/Content/MobileResources/HUD/DefaultVirtualJoysticks.uasset" 136
"../../../Engine/Content/MobileResources/HUD/LeftVirtualJoystickOnly.uasset" 137
"../../../Engine/Content/MobileResources/HUD/MobileHUDButton1_off.uasset" 138
"../../../Engine/Content/MobileResources/HUD/MobileHUDButton1_on.uasset" 139
"../../../Engine/Content/MobileResources/HUD/MobileHUDButton2_off.uasset" 140
"../../../Engine/Content/MobileResources/HUD/MobileHUDButton2_on.uasset" 141
"../../../Engine/Content/MobileResources/HUD/MobileHUDButton3.uasset" 142
"../../../Engine/Content/MobileResources/HUD/MobileHUDButtonFire.uasset" 143
"../../../Engine/Content/MobileResources/HUD/MobileHUDDirectionPad.uasset" 144
"../../../Engine/Content/MobileResources/HUD/MobileHUDDirectionPad2.uasset" 145
"../../../Engine/Content/MobileResources/HUD/MobileHUDDirectionPad3.uasset" 146
"../../../Engine/Content/MobileResources/HUD/MobileHUDDirectionStick.uasset" 147
"../../../Engine/Content/MobileResources/HUD/T_Castle_ThumbstickInner.uasset" 148
"../../../Engine/Content/MobileResources/HUD/T_Castle_ThumbstickOutter.uasset" 149
"../../../Engine/Content/Tutorial/ContentIntroCurve.uasset" 150
"../../../Engine/Content/Tutorial/Basics/TutorialAssets/icon_tab_Levels_40x.uasset" 151
"../../../Engine/Content/Tutorial/BlueprintTutorials/TutorialAssets/Blueprint_64x.uasset" 152
"../../../Engine/Content/Tutorial/Foliage/TutorialAssets/Foliage.uasset" 153
"../../../Engine/Content/Tutorial/Mobile/TutorialAssets/android_Icon.uasset" 154
"../../../Engine/Content/VREditor/LaserPointer/VR_LaserPower_01.uasset" 155
"../../../Engine/Content/VREditor/TransformGizmo/TransformGizmoMaterial.uasset" 156
"../../../Engine/Content/VREditor/TransformGizmo/TranslucentTransformGizmoMaterial.uasset" 157
"../../../Engine/Content/VREditor/TransformGizmo/BoundingBoxCorner.uasset" 158
"../../../Engine/Content/VREditor/TransformGizmo/BoundingBoxEdge.uasset" 159
"../../../Engine/Content/VREditor/TransformGizmo/PlaneTranslationHandle.uasset" 160
"../../../Engine/Content/VREditor/TransformGizmo/Main.uasset" 161
"../../../Engine/Content/VREditor/TransformGizmo/Xray.uasset" 162
"../../../Engine/Content/VREditor/TransformGizmo/SM_Sequencer_Key.uasset" 163
"../../../Engine/Content/VREditor/TransformGizmo/SM_Sequencer_Node.uasset" 164
"../../Plugins/2D/Paper2D/Content/PlaceholderTextures/DummySpriteTexture.uasset" 165
"../../Plugins/2D/Paper2D/Content/DummySprite.uasset" 166
"../../Plugins/2D/Paper2D/Content/DefaultPaperTerrainMaterial.uasset" 167
"../../Plugins/2D/Paper2D/Content/DefaultSpriteMaterial.uasset" 168
"../../Plugins/2D/Paper2D/Content/MaskedUnlitSpriteMaterial.uasset" 169
"../../Plugins/2D/Paper2D/Content/OpaqueUnlitSpriteMaterial.uasset" 170
"../../Plugins/Runtime/Oculus/OculusVR/Content/Materials/PokeAHoleMaterial.uasset" 171
"../../Plugins/Runtime/Oculus/OculusVR/Content/Textures/GearVRController_AO.uasset" 172
"../../Plugins/Runtime/Oculus/OculusVR/Content/Textures/GearVRController_Color.uasset" 173
"../../Plugins/Runtime/Oculus/OculusVR/Content/Textures/GearVRController_Normal.uasset" 174
"../../Plugins/Runtime/Oculus/OculusVR/Content/Materials/GearVRControllerMaterial.uasset" 175
"../../Plugins/Runtime/Oculus/OculusVR/Content/Meshes/GearVrController.uasset" 176
"../../Plugins/Runtime/Oculus/OculusVR/Content/Textures/touchController_albedo.uasset" 177
"../../Plugins/Runtime/Oculus/OculusVR/Content/Textures/touchController_controlmap.uasset" 178
"../../Plugins/Runtime/Oculus/OculusVR/Content/Materials/touchController_mat.uasset" 179
"../../Plugins/Runtime/Oculus/OculusVR/Content/Meshes/LeftTouchController.uasset" 180
"../../Plugins/Runtime/Oculus/OculusVR/Content/Meshes/RiftHMD.uasset" 181
"../../Plugins/Runtime/Oculus/OculusVR/Content/Meshes/RightTouchController.uasset" 182
"../../../../../Unreal Projects/ThatEcalatedQuickly/Content/Materials/Mat_BaseTest.uasset" 183
"../../../../../Unreal Projects/ThatEcalatedQuickly/Content/Materials/Mat_BaseTest_Inst.uasset" 184
"../../../../../Unreal Projects/ThatEcalatedQuickly/Content/Materials/Mat_BaseTest_Inst1.uasset" 185
"../../../../../Unreal Projects/ThatEcalatedQuickly/Content/Meshes/Boots.uasset" 186
"../../../../../Unreal Projects/ThatEcalatedQuickly/Content/Meshes/BottomClothes.uasset" 187
"../../../../../Unreal Projects/ThatEcalatedQuickly/Content/Meshes/Hat.uasset" 188
"../../../../../Unreal Projects/ThatEcalatedQuickly/Content/Meshes/Skin.uasset" 189
"../../../../../Unreal Projects/ThatEcalatedQuickly/Content/Meshes/UpperClothes.uasset" 190
"../../../../../Unreal Projects/ThatEcalatedQuickly/Content/Meshes/BAR_01_PhysicsAsset.uasset" 191
"../../../../../Unreal Projects/ThatEcalatedQuickly/Content/Meshes/UN_01_Skeleton.uasset" 192
"../../../../../Unreal Projects/ThatEcalatedQuickly/Content/Meshes/BAR_01.uasset" 193
"../../../../../Unreal Projects/ThatEcalatedQuickly/Content/Meshes/BAR_02_PhysicsAsset.uasset" 194
"../../../../../Unreal Projects/ThatEcalatedQuickly/Content/Meshes/BAR_02.uasset" 195
"../../../../../Unreal Projects/ThatEcalatedQuickly/Content/Meshes/BAR_03_PhysicsAsset.uasset" 196
"../../../../../Unreal Projects/ThatEcalatedQuickly/Content/Meshes/BAR_03.uasset" 197
"../../../../../Unreal Projects/ThatEcalatedQuickly/Content/Meshes/BAR_04_PhysicsAsset.uasset" 198
"../../../../../Unreal Projects/ThatEcalatedQuickly/Content/Meshes/BAR_04.uasset" 199
"../../../../../Unreal Projects/ThatEcalatedQuickly/Content/Meshes/BAR_05_PhysicsAsset.uasset" 200
"../../../../../Unreal Projects/ThatEcalatedQuickly/Content/Meshes/BAR_05.uasset" 201
"../../../../../Unreal Projects/ThatEcalatedQuickly/Content/Meshes/BAR_06_PhysicsAsset.uasset" 202
"../../../../../Unreal Projects/ThatEcalatedQuickly/Content/Meshes/BAR_06.uasset" 203
"../../../../../Unreal Projects/ThatEcalatedQuickly/Content/UI/UI_TestInfo.uasset" 204
"../../../../../Unreal Projects/ThatEcalatedQuickly/Content/Maps/Bar_Test_1.umap" 205
"../../../../../Unreal Projects/ThatEcalatedQuickly/Content/Maps/Bar_Test_2.umap" 206
"../../../../../Unreal Projects/ThatEcalatedQuickly/Content/UI/UI_TestMainMenu.uasset" 207
"../../../../../Unreal Projects/ThatEcalatedQuickly/Content/Maps/MainMenu.umap" 208
"../../../Engine/Content/Maps/Entry_BuiltData.uasset" 209
"../../../Engine/Content/Maps/Entry.umap" 210
